Updating '/cygdrive/e/PreWarehouse':
A    /cygdrive/e/PreWarehouse/Models/Heroes/model_0001_FBX/model_0001_body01_FBX/model_0001_body01.tga
A    /cygdrive/e/PreWarehouse/Models/Heroes/model_0001_FBX/model_0001_body01_FBX/model_0001_body01.FBX
A    /cygdrive/e/PreWarehouse/Models/Heroes/model_0001_FBX/model_0001_body01_FBX/model_0001_body01.tga.meta
A    /cygdrive/e/PreWarehouse/Models/Heroes/model_0001_FBX.meta
A    /cygdrive/e/PreWarehouse/Models/Egg.meta
A    /cygdrive/e/PreWarehouse/Models/Pet
A    /cygdrive/e/PreWarehouse/Models/Pet/330301_03_FBX.meta
A    /cygdrive/e/PreWarehouse/Models/Pet/330401_03 _FBX.meta
A    /cygdrive/e/PreWarehouse/Models/Pet/350501_FBX.meta
A    /cygdrive/e/PreWarehouse/Models/Pet/330501_03_FBX.meta
A    /cygdrive/e/PreWarehouse/Models/Pet/320101_03_FBX
A    /cygdrive/e/PreWarehouse/Models/Pet/320101_03_FBX/320101.tga
A    /cygdrive/e/PreWarehouse/Models/Pet/320101_03_FBX/Materials
A    /cygdrive/e/PreWarehouse/Models/Pet/320101_03_FBX/Materials/320101.mat
A    /cygdrive/e/PreWarehouse/Models/Pet/320101_03_FBX/Materials/320101.mat.meta
A    /cygdrive/e/PreWarehouse/Models/Pet/320101_03_FBX/320101.FBX
A    /cygdrive/e/PreWarehouse/Models/Pet/320101_03_FBX/320101.tga.meta
A    /cygdrive/e/PreWarehouse/Models/Pet/320101_03_FBX/320102.FBX
A    /cygdrive/e/PreWarehouse/Models/Pet/320101_03_FBX/320103.FBX
A    /cygdrive/e/PreWarehouse/Models/Pet/320101_03_FBX/Materials.meta
A    /cygdrive/e/PreWarehouse/Models/Pet/320101_03_FBX/320101.FBX.meta
A    /cygdrive/e/PreWarehouse/Models/Pet/320101_03_FBX/320102.FBX.meta
A    /cygdrive/e/PreWarehouse/Models/Pet/320101_03_FBX/320103.FBX.meta
A    /cygdrive/e/PreWarehouse/Models/Pet/310401_03_FBX
A    /cygdrive/e/PreWarehouse/Models/Pet/310401_03_FBX/Materials
A    /cygdrive/e/PreWarehouse/Models/Pet/310401_03_FBX/Materials/310401.mat
A    /cygdrive/e/PreWarehouse/Models/Pet/310401_03_FBX/Materials/310401.mat.meta
A    /cygdrive/e/PreWarehouse/Models/Pet/310401_03_FBX/310401.tga
A    /cygdrive/e/PreWarehouse/Models/Pet/310401_03_FBX/310401.FBX
A    /cygdrive/e/PreWarehouse/Models/Pet/310401_03_FBX/Materials.meta
A    /cygdrive/e/PreWarehouse/Models/Pet/310401_03_FBX/310401.tga.meta
A    /cygdrive/e/PreWarehouse/Models/Pet/310401_03_FBX/310402.FBX
A    /cygdrive/e/PreWarehouse/Models/Pet/310401_03_FBX/310403.FBX
A    /cygdrive/e/PreWarehouse/Models/Pet/310401_03_FBX/310401.FBX.meta
A    /cygdrive/e/PreWarehouse/Models/Pet/310401_03_FBX/310402.FBX.meta
A    /cygdrive/e/PreWarehouse/Models/Pet/310401_03_FBX/310403.FBX.meta
A    /cygdrive/e/PreWarehouse/Models/Pet/330201_03_FBX
A    /cygdrive/e/PreWarehouse/Models/Pet/330201_03_FBX/Materials
A    /cygdrive/e/PreWarehouse/Models/Pet/330201_03_FBX/Materials/330201.mat
A    /cygdrive/e/PreWarehouse/Models/Pet/330201_03_FBX/Materials/330201.mat.meta
A    /cygdrive/e/PreWarehouse/Models/Pet/330201_03_FBX/330201.tga
A    /cygdrive/e/PreWarehouse/Models/Pet/330201_03_FBX/330201.FBX
A    /cygdrive/e/PreWarehouse/Models/Pet/330201_03_FBX/Materials.meta
A    /cygdrive/e/PreWarehouse/Models/Pet/330201_03_FBX/330201.tga.meta
A    /cygdrive/e/PreWarehouse/Models/Pet/330201_03_FBX/330202.FBX
A    /cygdrive/e/PreWarehouse/Models/Pet/330201_03_FBX/330203.FBX
A    /cygdrive/e/PreWarehouse/Models/Pet/330201_03_FBX/330201.FBX.meta
A    /cygdrive/e/PreWarehouse/Models/Pet/330201_03_FBX/330202.FBX.meta
A    /cygdrive/e/PreWarehouse/Models/Pet/330201_03_FBX/330203.FBX.meta
A    /cygdrive/e/PreWarehouse/Models/Pet/319041_42_FBX.meta
A    /cygdrive/e/PreWarehouse/Models/Pet/329041_42_FBX.meta
A    /cygdrive/e/PreWarehouse/Models/Pet/330401_03 _FBX
A    /cygdrive/e/PreWarehouse/Models/Pet/330401_03 _FBX/330403.FBX.meta
A    /cygdrive/e/PreWarehouse/Models/Pet/330401_03 _FBX/Materials
A    /cygdrive/e/PreWarehouse/Models/Pet/330401_03 _FBX/Materials/330401.mat.meta
A    /cygdrive/e/PreWarehouse/Models/Pet/330401_03 _FBX/Materials/330401.mat
A    /cygdrive/e/PreWarehouse/Models/Pet/330401_03 _FBX/330401.tga
A    /cygdrive/e/PreWarehouse/Models/Pet/330401_03 _FBX/Materials.meta
A    /cygdrive/e/PreWarehouse/Models/Pet/330401_03 _FBX/330401.FBX
A    /cygdrive/e/PreWarehouse/Models/Pet/330401_03 _FBX/330401.tga.meta
A    /cygdrive/e/PreWarehouse/Models/Pet/330401_03 _FBX/330402.FBX
A    /cygdrive/e/PreWarehouse/Models/Pet/330401_03 _FBX/330403.FBX
A    /cygdrive/e/PreWarehouse/Models/Pet/330401_03 _FBX/330401.FBX.meta
A    /cygdrive/e/PreWarehouse/Models/Pet/330401_03 _FBX/330402.FBX.meta
A    /cygdrive/e/PreWarehouse/Models/Pet/330601_03_FBX
A    /cygdrive/e/PreWarehouse/Models/Pet/330601_03_FBX/330601.FBX.meta
A    /cygdrive/e/PreWarehouse/Models/Pet/330601_03_FBX/330602.FBX.meta
A    /cygdrive/e/PreWarehouse/Models/Pet/330601_03_FBX/330603.FBX.meta
A    /cygdrive/e/PreWarehouse/Models/Pet/330601_03_FBX/Materials
A    /cygdrive/e/PreWarehouse/Models/Pet/330601_03_FBX/Materials/330601.mat.meta
A    /cygdrive/e/PreWarehouse/Models/Pet/330601_03_FBX/Materials/330601.mat
A    /cygdrive/e/PreWarehouse/Models/Pet/330601_03_FBX/330601.tga
A    /cygdrive/e/PreWarehouse/Models/Pet/330601_03_FBX/Materials.meta
A    /cygdrive/e/PreWarehouse/Models/Pet/330601_03_FBX/330601.FBX
A    /cygdrive/e/PreWarehouse/Models/Pet/330601_03_FBX/330601.tga.meta
A    /cygdrive/e/PreWarehouse/Models/Pet/330601_03_FBX/330602.FBX
A    /cygdrive/e/PreWarehouse/Models/Pet/330601_03_FBX/330603.FBX
A    /cygdrive/e/PreWarehouse/Models/Pet/339041_42.meta
A    /cygdrive/e/PreWarehouse/Models/Pet/349041_42.meta
A    /cygdrive/e/PreWarehouse/Models/Pet/Black.meta
A    /cygdrive/e/PreWarehouse/Models/Pet/319021_22_FBX
A    /cygdrive/e/PreWarehouse/Models/Pet/319021_22_FBX/Materials
A    /cygdrive/e/PreWarehouse/Models/Pet/319021_22_FBX/Materials/319021.mat
A    /cygdrive/e/PreWarehouse/Models/Pet/319021_22_FBX/Materials/319021.mat.meta
A    /cygdrive/e/PreWarehouse/Models/Pet/319021_22_FBX/319021.FBX.meta
A    /cygdrive/e/PreWarehouse/Models/Pet/319021_22_FBX/319022.FBX.meta
A    /cygdrive/e/PreWarehouse/Models/Pet/319021_22_FBX/Materials.meta
A    /cygdrive/e/PreWarehouse/Models/Pet/319021_22_FBX/319021.tga
A    /cygdrive/e/PreWarehouse/Models/Pet/319021_22_FBX/319021.FBX
A    /cygdrive/e/PreWarehouse/Models/Pet/319021_22_FBX/319021.tga.meta
A    /cygdrive/e/PreWarehouse/Models/Pet/319021_22_FBX/319022.FBX
A    /cygdrive/e/PreWarehouse/Models/Pet/349011_12_FBX
A    /cygdrive/e/PreWarehouse/Models/Pet/349011_12_FBX/349011.FBX
A    /cygdrive/e/PreWarehouse/Models/Pet/349011_12_FBX/349011.tga.meta
A    /cygdrive/e/PreWarehouse/Models/Pet/349011_12_FBX/349012.FBX
A    /cygdrive/e/PreWarehouse/Models/Pet/349011_12_FBX/349012.tga.meta
A    /cygdrive/e/PreWarehouse/Models/Pet/349011_12_FBX/Materials
A    /cygdrive/e/PreWarehouse/Models/Pet/349011_12_FBX/Materials/349011.mat
A    /cygdrive/e/PreWarehouse/Models/Pet/349011_12_FBX/Materials/349012.mat
A    /cygdrive/e/PreWarehouse/Models/Pet/349011_12_FBX/Materials/349011.mat.meta
A    /cygdrive/e/PreWarehouse/Models/Pet/349011_12_FBX/Materials/349012.mat.meta
A    /cygdrive/e/PreWarehouse/Models/Pet/349011_12_FBX/349011.FBX.meta
A    /cygdrive/e/PreWarehouse/Models/Pet/349011_12_FBX/349012.FBX.meta
A    /cygdrive/e/PreWarehouse/Models/Pet/349011_12_FBX/Materials.meta
A    /cygdrive/e/PreWarehouse/Models/Pet/349011_12_FBX/349011.tga
A    /cygdrive/e/PreWarehouse/Models/Pet/349011_12_FBX/349012.tga
A    /cygdrive/e/PreWarehouse/Models/Pet/329031_32_FBX
A    /cygdrive/e/PreWarehouse/Models/Pet/329031_32_FBX/329031.FBX
A    /cygdrive/e/PreWarehouse/Models/Pet/329031_32_FBX/329031.tga.meta
A    /cygdrive/e/PreWarehouse/Models/Pet/329031_32_FBX/329032.FBX
A    /cygdrive/e/PreWarehouse/Models/Pet/329031_32_FBX/Materials
A    /cygdrive/e/PreWarehouse/Models/Pet/329031_32_FBX/Materials/329021.mat
A    /cygdrive/e/PreWarehouse/Models/Pet/329031_32_FBX/Materials/329031.mat
A    /cygdrive/e/PreWarehouse/Models/Pet/329031_32_FBX/Materials/329021.mat.meta
A    /cygdrive/e/PreWarehouse/Models/Pet/329031_32_FBX/Materials/329031.mat.meta
A    /cygdrive/e/PreWarehouse/Models/Pet/329031_32_FBX/329031.FBX.meta
A    /cygdrive/e/PreWarehouse/Models/Pet/329031_32_FBX/329032.FBX.meta
A    /cygdrive/e/PreWarehouse/Models/Pet/329031_32_FBX/Materials.meta
A    /cygdrive/e/PreWarehouse/Models/Pet/329031_32_FBX/329031.tga
A    /cygdrive/e/PreWarehouse/Models/Pet/349021_22
A    /cygdrive/e/PreWarehouse/Models/Pet/349021_22/349021.tga.meta
A    /cygdrive/e/PreWarehouse/Models/Pet/349021_22/349021.mat
A    /cygdrive/e/PreWarehouse/Models/Pet/349021_22/349021.mat.meta
A    /cygdrive/e/PreWarehouse/Models/Pet/349021_22/349021.tga
A    /cygdrive/e/PreWarehouse/Models/Pet/350401_FBX.meta
A    /cygdrive/e/PreWarehouse/Models/Pet/310101_03_FBX
A    /cygdrive/e/PreWarehouse/Models/Pet/310101_03_FBX/310101.tga
A    /cygdrive/e/PreWarehouse/Models/Pet/310101_03_FBX/Materials
A    /cygdrive/e/PreWarehouse/Models/Pet/310101_03_FBX/Materials/310101.mat
A    /cygdrive/e/PreWarehouse/Models/Pet/310101_03_FBX/Materials/310101.mat.meta
A    /cygdrive/e/PreWarehouse/Models/Pet/310101_03_FBX/310101.FBX
A    /cygdrive/e/PreWarehouse/Models/Pet/310101_03_FBX/310101.tga.meta
A    /cygdrive/e/PreWarehouse/Models/Pet/310101_03_FBX/310102.FBX
A    /cygdrive/e/PreWarehouse/Models/Pet/310101_03_FBX/310103.FBX
A    /cygdrive/e/PreWarehouse/Models/Pet/310101_03_FBX/Materials.meta
A    /cygdrive/e/PreWarehouse/Models/Pet/310101_03_FBX/310101.FBX.meta
A    /cygdrive/e/PreWarehouse/Models/Pet/310101_03_FBX/310102.FBX.meta
A    /cygdrive/e/PreWarehouse/Models/Pet/310101_03_FBX/310103.FBX.meta
A    /cygdrive/e/PreWarehouse/Models/Pet/Animations.meta
A    /cygdrive/e/PreWarehouse/Models/Pet/319031_32_FBX.meta
A    /cygdrive/e/PreWarehouse/Models/Pet/320201_03_FBX
A    /cygdrive/e/PreWarehouse/Models/Pet/320201_03_FBX/320201.tga
A    /cygdrive/e/PreWarehouse/Models/Pet/320201_03_FBX/Materials
A    /cygdrive/e/PreWarehouse/Models/Pet/320201_03_FBX/Materials/320201.mat
A    /cygdrive/e/PreWarehouse/Models/Pet/320201_03_FBX/Materials/320201.mat.meta
A    /cygdrive/e/PreWarehouse/Models/Pet/320201_03_FBX/320201.FBX
A    /cygdrive/e/PreWarehouse/Models/Pet/320201_03_FBX/320201.tga.meta
A    /cygdrive/e/PreWarehouse/Models/Pet/320201_03_FBX/320202.FBX
A    /cygdrive/e/PreWarehouse/Models/Pet/320201_03_FBX/Materials.meta
A    /cygdrive/e/PreWarehouse/Models/Pet/320201_03_FBX/320203.FBX
A    /cygdrive/e/PreWarehouse/Models/Pet/320201_03_FBX/320201.FBX.meta
A    /cygdrive/e/PreWarehouse/Models/Pet/320201_03_FBX/320202.FBX.meta
A    /cygdrive/e/PreWarehouse/Models/Pet/320201_03_FBX/320203.FBX.meta
A    /cygdrive/e/PreWarehouse/Models/Pet/329031_32_FBX.meta
A    /cygdrive/e/PreWarehouse/Models/Pet/350201_FBX
A    /cygdrive/e/PreWarehouse/Models/Pet/350201_FBX/Materials
A    /cygdrive/e/PreWarehouse/Models/Pet/350201_FBX/Materials/350201.mat.meta
A    /cygdrive/e/PreWarehouse/Models/Pet/350201_FBX/Materials/350201.mat
A    /cygdrive/e/PreWarehouse/Models/Pet/350201_FBX/350201.tga
A    /cygdrive/e/PreWarehouse/Models/Pet/350201_FBX/Materials.meta
A    /cygdrive/e/PreWarehouse/Models/Pet/350201_FBX/350201.FBX
A    /cygdrive/e/PreWarehouse/Models/Pet/350201_FBX/350201.tga.meta
A    /cygdrive/e/PreWarehouse/Models/Pet/350201_FBX/350201.FBX.meta
A    /cygdrive/e/PreWarehouse/Models/Pet/330301_03_FBX
A    /cygdrive/e/PreWarehouse/Models/Pet/330301_03_FBX/Materials
A    /cygdrive/e/PreWarehouse/Models/Pet/330301_03_FBX/Materials/330301.mat
A    /cygdrive/e/PreWarehouse/Models/Pet/330301_03_FBX/Materials/330301.mat.meta
A    /cygdrive/e/PreWarehouse/Models/Pet/330301_03_FBX/330301.tga
A    /cygdrive/e/PreWarehouse/Models/Pet/330301_03_FBX/Materials.meta
A    /cygdrive/e/PreWarehouse/Models/Pet/330301_03_FBX/330301.FBX
A    /cygdrive/e/PreWarehouse/Models/Pet/330301_03_FBX/330301.tga.meta
A    /cygdrive/e/PreWarehouse/Models/Pet/330301_03_FBX/330302.FBX
A    /cygdrive/e/PreWarehouse/Models/Pet/330301_03_FBX/330303.FBX
A    /cygdrive/e/PreWarehouse/Models/Pet/330301_03_FBX/330301.FBX.meta
A    /cygdrive/e/PreWarehouse/Models/Pet/330301_03_FBX/330302.FBX.meta
A    /cygdrive/e/PreWarehouse/Models/Pet/330301_03_FBX/330303.FBX.meta
A    /cygdrive/e/PreWarehouse/Models/Pet/339031_32.meta
A    /cygdrive/e/PreWarehouse/Models/Pet/350401_FBX
A    /cygdrive/e/PreWarehouse/Models/Pet/350401_FBX/350401.FBX.meta
A    /cygdrive/e/PreWarehouse/Models/Pet/350401_FBX/Materials
A    /cygdrive/e/PreWarehouse/Models/Pet/350401_FBX/Materials/350401.mat.meta
A    /cygdrive/e/PreWarehouse/Models/Pet/350401_FBX/Materials/350401.mat
A    /cygdrive/e/PreWarehouse/Models/Pet/350401_FBX/350401.tga
A    /cygdrive/e/PreWarehouse/Models/Pet/350401_FBX/Materials.meta
A    /cygdrive/e/PreWarehouse/Models/Pet/350401_FBX/350401.FBX
A    /cygdrive/e/PreWarehouse/Models/Pet/350401_FBX/350401.tga.meta
A    /cygdrive/e/PreWarehouse/Models/Pet/320601_03_FBX
A    /cygdrive/e/PreWarehouse/Models/Pet/320601_03_FBX/320602.FBX.meta
A    /cygdrive/e/PreWarehouse/Models/Pet/320601_03_FBX/320603.FBX.meta
A    /cygdrive/e/PreWarehouse/Models/Pet/320601_03_FBX/Materials
A    /cygdrive/e/PreWarehouse/Models/Pet/320601_03_FBX/Materials/320601.mat.meta
A    /cygdrive/e/PreWarehouse/Models/Pet/320601_03_FBX/Materials/320601.mat
A    /cygdrive/e/PreWarehouse/Models/Pet/320601_03_FBX/320601.tga
A    /cygdrive/e/PreWarehouse/Models/Pet/320601_03_FBX/Materials.meta
A    /cygdrive/e/PreWarehouse/Models/Pet/320601_03_FBX/320601.FBX
A    /cygdrive/e/PreWarehouse/Models/Pet/320601_03_FBX/320601.tga.meta
A    /cygdrive/e/PreWarehouse/Models/Pet/320601_03_FBX/320602.FBX
A    /cygdrive/e/PreWarehouse/Models/Pet/320601_03_FBX/320603.FBX
A    /cygdrive/e/PreWarehouse/Models/Pet/320601_03_FBX/320601.FBX.meta
A    /cygdrive/e/PreWarehouse/Models/Pet/349031_32.meta
A    /cygdrive/e/PreWarehouse/Models/Pet/350601_FBX
A    /cygdrive/e/PreWarehouse/Models/Pet/350601_FBX/350601.FBX.meta
A    /cygdrive/e/PreWarehouse/Models/Pet/350601_FBX/Materials
A    /cygdrive/e/PreWarehouse/Models/Pet/350601_FBX/Materials/350601.mat.meta
A    /cygdrive/e/PreWarehouse/Models/Pet/350601_FBX/Materials/350601.mat
A    /cygdrive/e/PreWarehouse/Models/Pet/350601_FBX/Materials.meta
A    /cygdrive/e/PreWarehouse/Models/Pet/350601_FBX/350601.tga
A    /cygdrive/e/PreWarehouse/Models/Pet/350601_FBX/350601.FBX
A    /cygdrive/e/PreWarehouse/Models/Pet/350601_FBX/350601.tga.meta
A    /cygdrive/e/PreWarehouse/Models/Pet/339011_12_FBX
A    /cygdrive/e/PreWarehouse/Models/Pet/339011_12_FBX/339011.tga.meta
A    /cygdrive/e/PreWarehouse/Models/Pet/339011_12_FBX/339012.FBX
A    /cygdrive/e/PreWarehouse/Models/Pet/339011_12_FBX/339012.tga.meta
A    /cygdrive/e/PreWarehouse/Models/Pet/339011_12_FBX/Materials
A    /cygdrive/e/PreWarehouse/Models/Pet/339011_12_FBX/Materials/339011.mat
A    /cygdrive/e/PreWarehouse/Models/Pet/339011_12_FBX/Materials/339012.mat
A    /cygdrive/e/PreWarehouse/Models/Pet/339011_12_FBX/Materials/339011.mat.meta
A    /cygdrive/e/PreWarehouse/Models/Pet/339011_12_FBX/Materials/339012.mat.meta
A    /cygdrive/e/PreWarehouse/Models/Pet/339011_12_FBX/339011.FBX.meta
A    /cygdrive/e/PreWarehouse/Models/Pet/339011_12_FBX/339012.FBX.meta
A    /cygdrive/e/PreWarehouse/Models/Pet/339011_12_FBX/Materials.meta
A    /cygdrive/e/PreWarehouse/Models/Pet/339011_12_FBX/339011.tga
A    /cygdrive/e/PreWarehouse/Models/Pet/339011_12_FBX/339012.tga
A    /cygdrive/e/PreWarehouse/Models/Pet/339011_12_FBX/339011.FBX
A    /cygdrive/e/PreWarehouse/Models/Pet/319031_32_FBX
A    /cygdrive/e/PreWarehouse/Models/Pet/319031_32_FBX/319031.tga.meta
A    /cygdrive/e/PreWarehouse/Models/Pet/319031_32_FBX/319032.FBX
A    /cygdrive/e/PreWarehouse/Models/Pet/319031_32_FBX/Materials
A    /cygdrive/e/PreWarehouse/Models/Pet/319031_32_FBX/Materials/319021.mat
A    /cygdrive/e/PreWarehouse/Models/Pet/319031_32_FBX/Materials/319031.mat
A    /cygdrive/e/PreWarehouse/Models/Pet/319031_32_FBX/Materials/319021.mat.meta
A    /cygdrive/e/PreWarehouse/Models/Pet/319031_32_FBX/Materials/319031.mat.meta
A    /cygdrive/e/PreWarehouse/Models/Pet/319031_32_FBX/319031.FBX.meta
A    /cygdrive/e/PreWarehouse/Models/Pet/319031_32_FBX/319032.FBX.meta
A    /cygdrive/e/PreWarehouse/Models/Pet/319031_32_FBX/Materials.meta
A    /cygdrive/e/PreWarehouse/Models/Pet/319031_32_FBX/319021.tga
A    /cygdrive/e/PreWarehouse/Models/Pet/319031_32_FBX/319031.tga
A    /cygdrive/e/PreWarehouse/Models/Pet/319031_32_FBX/319021.tga.meta
A    /cygdrive/e/PreWarehouse/Models/Pet/319031_32_FBX/319031.FBX
A    /cygdrive/e/PreWarehouse/Models/Pet/339021_22
A    /cygdrive/e/PreWarehouse/Models/Pet/339021_22/339021.tga.meta
A    /cygdrive/e/PreWarehouse/Models/Pet/339021_22/339021.mat
A    /cygdrive/e/PreWarehouse/Models/Pet/339021_22/339021.mat.meta
A    /cygdrive/e/PreWarehouse/Models/Pet/339021_22/339021.tga
A    /cygdrive/e/PreWarehouse/Models/Pet/329041_42_FBX
A    /cygdrive/e/PreWarehouse/Models/Pet/329041_42_FBX/329041.FBX
A    /cygdrive/e/PreWarehouse/Models/Pet/329041_42_FBX/329041.tga.meta
A    /cygdrive/e/PreWarehouse/Models/Pet/329041_42_FBX/329042.FBX
A    /cygdrive/e/PreWarehouse/Models/Pet/329041_42_FBX/Materials
A    /cygdrive/e/PreWarehouse/Models/Pet/329041_42_FBX/Materials/329021.mat
A    /cygdrive/e/PreWarehouse/Models/Pet/329041_42_FBX/Materials/329041.mat
A    /cygdrive/e/PreWarehouse/Models/Pet/329041_42_FBX/Materials/329021.mat.meta
A    /cygdrive/e/PreWarehouse/Models/Pet/329041_42_FBX/Materials/329041.mat.meta
A    /cygdrive/e/PreWarehouse/Models/Pet/329041_42_FBX/329041.FBX.meta
A    /cygdrive/e/PreWarehouse/Models/Pet/329041_42_FBX/329042.FBX.meta
A    /cygdrive/e/PreWarehouse/Models/Pet/329041_42_FBX/Materials.meta
A    /cygdrive/e/PreWarehouse/Models/Pet/329041_42_FBX/329041.tga
A    /cygdrive/e/PreWarehouse/Models/Pet/349031_32
A    /cygdrive/e/PreWarehouse/Models/Pet/349031_32/349031.tga.meta
A    /cygdrive/e/PreWarehouse/Models/Pet/349031_32/349031.mat
A    /cygdrive/e/PreWarehouse/Models/Pet/349031_32/349031.mat.meta
A    /cygdrive/e/PreWarehouse/Models/Pet/349031_32/349031.tga
A    /cygdrive/e/PreWarehouse/Models/Pet/310201_03_FBX.meta
A    /cygdrive/e/PreWarehouse/Models/Pet/320201_03_FBX.meta
A    /cygdrive/e/PreWarehouse/Models/Pet/310401_03_FBX.meta
A    /cygdrive/e/PreWarehouse/Models/Pet/330201_03_FBX.meta
A    /cygdrive/e/PreWarehouse/Models/Pet/350301_FBX.meta
A    /cygdrive/e/PreWarehouse/Models/Pet/340201_03_FBX.meta
A    /cygdrive/e/PreWarehouse/Models/Pet/320401_03_FBX.meta
A    /cygdrive/e/PreWarehouse/Models/Pet/310503_FBX.meta
A    /cygdrive/e/PreWarehouse/Models/Pet/310601_03_FBX.meta
A    /cygdrive/e/PreWarehouse/Models/Pet/320501_03_FXB.meta
A    /cygdrive/e/PreWarehouse/Models/Pet/320601_03_FBX.meta
A    /cygdrive/e/PreWarehouse/Models/Pet/330601_03_FBX.meta
A    /cygdrive/e/PreWarehouse/Models/Pet/319021_22_FBX.meta
A    /cygdrive/e/PreWarehouse/Models/Pet/310201_03_FBX
A    /cygdrive/e/PreWarehouse/Models/Pet/310201_03_FBX/301201.tga
A    /cygdrive/e/PreWarehouse/Models/Pet/310201_03_FBX/Materials
A    /cygdrive/e/PreWarehouse/Models/Pet/310201_03_FBX/Materials/301201.mat
A    /cygdrive/e/PreWarehouse/Models/Pet/310201_03_FBX/Materials/301201.mat.meta
A    /cygdrive/e/PreWarehouse/Models/Pet/310201_03_FBX/310201.FBX
A    /cygdrive/e/PreWarehouse/Models/Pet/310201_03_FBX/301201.tga.meta
A    /cygdrive/e/PreWarehouse/Models/Pet/310201_03_FBX/310202.FBX
A    /cygdrive/e/PreWarehouse/Models/Pet/310201_03_FBX/310203.FBX
A    /cygdrive/e/PreWarehouse/Models/Pet/310201_03_FBX/Materials.meta
A    /cygdrive/e/PreWarehouse/Models/Pet/310201_03_FBX/310201.FBX.meta
A    /cygdrive/e/PreWarehouse/Models/Pet/310201_03_FBX/310202.FBX.meta
A    /cygdrive/e/PreWarehouse/Models/Pet/310201_03_FBX/310203.FBX.meta
A    /cygdrive/e/PreWarehouse/Models/Pet/329021_22_FBX.meta
A    /cygdrive/e/PreWarehouse/Models/Pet/340101_03_FBX
A    /cygdrive/e/PreWarehouse/Models/Pet/340101_03_FBX/Materials
A    /cygdrive/e/PreWarehouse/Models/Pet/340101_03_FBX/Materials/340101.mat
A    /cygdrive/e/PreWarehouse/Models/Pet/340101_03_FBX/Materials/340101.mat.meta
A    /cygdrive/e/PreWarehouse/Models/Pet/340101_03_FBX/340101.tga
A    /cygdrive/e/PreWarehouse/Models/Pet/340101_03_FBX/340101.FBX
A    /cygdrive/e/PreWarehouse/Models/Pet/340101_03_FBX/Materials.meta
A    /cygdrive/e/PreWarehouse/Models/Pet/340101_03_FBX/340101.tga.meta
A    /cygdrive/e/PreWarehouse/Models/Pet/340101_03_FBX/340102.FBX
A    /cygdrive/e/PreWarehouse/Models/Pet/340101_03_FBX/340103.FBX
A    /cygdrive/e/PreWarehouse/Models/Pet/340101_03_FBX/340101.FBX.meta
A    /cygdrive/e/PreWarehouse/Models/Pet/340101_03_FBX/340102.FBX.meta
A    /cygdrive/e/PreWarehouse/Models/Pet/340101_03_FBX/340103.FBX.meta
A    /cygdrive/e/PreWarehouse/Models/Pet/320301_03_FBX
A    /cygdrive/e/PreWarehouse/Models/Pet/320301_03_FBX/Materials
A    /cygdrive/e/PreWarehouse/Models/Pet/320301_03_FBX/Materials/320301.mat
A    /cygdrive/e/PreWarehouse/Models/Pet/320301_03_FBX/Materials/320301.mat.meta
A    /cygdrive/e/PreWarehouse/Models/Pet/320301_03_FBX/320301.tga
A    /cygdrive/e/PreWarehouse/Models/Pet/320301_03_FBX/320301.FBX
A    /cygdrive/e/PreWarehouse/Models/Pet/320301_03_FBX/Materials.meta
A    /cygdrive/e/PreWarehouse/Models/Pet/320301_03_FBX/320301.tga.meta
A    /cygdrive/e/PreWarehouse/Models/Pet/320301_03_FBX/320302.FBX
A    /cygdrive/e/PreWarehouse/Models/Pet/320301_03_FBX/320303.FBX
A    /cygdrive/e/PreWarehouse/Models/Pet/320301_03_FBX/320301.FBX.meta
A    /cygdrive/e/PreWarehouse/Models/Pet/320301_03_FBX/320302.FBX.meta
A    /cygdrive/e/PreWarehouse/Models/Pet/320301_03_FBX/320303.FBX.meta
A    /cygdrive/e/PreWarehouse/Models/Pet/339021_22.meta
A    /cygdrive/e/PreWarehouse/Models/Pet/349021_22.meta
A    /cygdrive/e/PreWarehouse/Models/Pet/310601_03_FBX
A    /cygdrive/e/PreWarehouse/Models/Pet/310601_03_FBX/310603.FBX.meta
A    /cygdrive/e/PreWarehouse/Models/Pet/310601_03_FBX/Materials
A    /cygdrive/e/PreWarehouse/Models/Pet/310601_03_FBX/Materials/310603.mat.meta
A    /cygdrive/e/PreWarehouse/Models/Pet/310601_03_FBX/Materials/310603.mat
A    /cygdrive/e/PreWarehouse/Models/Pet/310601_03_FBX/310603.tga
A    /cygdrive/e/PreWarehouse/Models/Pet/310601_03_FBX/Materials.meta
A    /cygdrive/e/PreWarehouse/Models/Pet/310601_03_FBX/310601.FBX
A    /cygdrive/e/PreWarehouse/Models/Pet/310601_03_FBX/310602.FBX
A    /cygdrive/e/PreWarehouse/Models/Pet/310601_03_FBX/310603.FBX
A    /cygdrive/e/PreWarehouse/Models/Pet/310601_03_FBX/310603.tga.meta
A    /cygdrive/e/PreWarehouse/Models/Pet/310601_03_FBX/310601.FBX.meta
A    /cygdrive/e/PreWarehouse/Models/Pet/310601_03_FBX/310602.FBX.meta
A    /cygdrive/e/PreWarehouse/Models/Pet/320501_03_FXB
A    /cygdrive/e/PreWarehouse/Models/Pet/320501_03_FXB/320503.FBX.meta
A    /cygdrive/e/PreWarehouse/Models/Pet/320501_03_FXB/Materials
A    /cygdrive/e/PreWarehouse/Models/Pet/320501_03_FXB/Materials/320501.mat.meta
A    /cygdrive/e/PreWarehouse/Models/Pet/320501_03_FXB/Materials/320501.mat
A    /cygdrive/e/PreWarehouse/Models/Pet/320501_03_FXB/320501.tga
A    /cygdrive/e/PreWarehouse/Models/Pet/320501_03_FXB/Materials.meta
A    /cygdrive/e/PreWarehouse/Models/Pet/320501_03_FXB/320501.FBX
A    /cygdrive/e/PreWarehouse/Models/Pet/320501_03_FXB/320501.tga.meta
A    /cygdrive/e/PreWarehouse/Models/Pet/320501_03_FXB/320502.FBX
A    /cygdrive/e/PreWarehouse/Models/Pet/320501_03_FXB/320503.FBX
A    /cygdrive/e/PreWarehouse/Models/Pet/320501_03_FXB/320501.FBX.meta
A    /cygdrive/e/PreWarehouse/Models/Pet/320501_03_FXB/320502.FBX.meta
